This is pdfTeX, Version 3.14159265-2.6-1.40.20 (TeX Live 2019/Debian) (preloaded format=latex 2021.4.6)  7 SEP 2022 21:21
entering extended mode
 restricted \write18 enabled.
 %&-line parsing enabled.
**mainfile.tex
(./mainfile.tex
LaTeX2e <2020-02-02> patch level 2
L3 programming layer <2020-02-14>
(/usr/share/texlive/texmf-dist/tex/latex/base/article.cls
Document Class: article 2019/12/20 v1.4l Standard LaTeX document class
(/usr/share/texlive/texmf-dist/tex/latex/base/size11.clo
File: size11.clo 2019/12/20 v1.4l Standard LaTeX file (size option)
)
\c@part=\count167
\c@section=\count168
\c@subsection=\count169
\c@subsubsection=\count170
\c@paragraph=\count171
\c@subparagraph=\count172
\c@figure=\count173
\c@table=\count174
\abovecaptionskip=\skip47
\belowcaptionskip=\skip48
\bibindent=\dimen134
) (./ajbrmacros.tex
(/usr/share/texlive/texmf-dist/tex/latex/float/float.sty
Package: float 2001/11/08 v1.3d Float enhancements (AL)
\c@float@type=\count175
\float@exts=\toks14
\float@box=\box45
\@float@everytoks=\toks15
\@floatcapt=\box46
)
(/usr/share/texlive/texmf-dist/tex/latex/colortbl/colortbl.sty
Package: colortbl 2020/01/04 v1.0e Color table columns (DPC)

(/usr/share/texlive/texmf-dist/tex/latex/tools/array.sty
Package: array 2019/08/31 v2.4l Tabular extension package (FMi)
\col@sep=\dimen135
\ar@mcellbox=\box47
\extrarowheight=\dimen136
\NC@list=\toks16
\extratabsurround=\skip49
\backup@length=\skip50
\ar@cellbox=\box48
)
(/usr/share/texlive/texmf-dist/tex/latex/graphics/color.sty
Package: color 2019/11/23 v1.2a Standard LaTeX Color (DPC)

(/usr/share/texlive/texmf-dist/tex/latex/graphics-cfg/color.cfg
File: color.cfg 2016/01/02 v1.6 sample color configuration
)
Package color Info: Driver file: dvips.def on input line 147.

(/usr/share/texlive/texmf-dist/tex/latex/graphics-def/dvips.def
File: dvips.def 2017/06/20 v3.1d Graphics/color driver for dvips
)
(/usr/share/texlive/texmf-dist/tex/latex/graphics/dvipsnam.def
File: dvipsnam.def 2016/06/17 v3.0m Driver-dependent file (DPC,SPQR)
))
\everycr=\toks17
\minrowclearance=\skip51
)
(/usr/share/texlive/texmf-dist/tex/latex/tools/multicol.sty
Package: multicol 2019/12/09 v1.8y multicolumn formatting (FMi)
\c@tracingmulticols=\count176
\mult@box=\box49
\multicol@leftmargin=\dimen137
\c@unbalance=\count177
\c@collectmore=\count178
\doublecol@number=\count179
\multicoltolerance=\count180
\multicolpretolerance=\count181
\full@width=\dimen138
\page@free=\dimen139
\premulticols=\dimen140
\postmulticols=\dimen141
\multicolsep=\skip52
\multicolbaselineskip=\skip53
\partial@page=\box50
\last@line=\box51
\maxbalancingoverflow=\dimen142
\mult@rightbox=\box52
\mult@grightbox=\box53
\mult@gfirstbox=\box54
\mult@firstbox=\box55
\@tempa=\box56
\@tempa=\box57
\@tempa=\box58
\@tempa=\box59
\@tempa=\box60
\@tempa=\box61
\@tempa=\box62
\@tempa=\box63
\@tempa=\box64
\@tempa=\box65
\@tempa=\box66
\@tempa=\box67
\@tempa=\box68
\@tempa=\box69
\@tempa=\box70
\@tempa=\box71
\@tempa=\box72
\@tempa=\box73
\@tempa=\box74
\@tempa=\box75
\@tempa=\box76
\@tempa=\box77
\@tempa=\box78
\@tempa=\box79
\@tempa=\box80
\@tempa=\box81
\@tempa=\box82
\@tempa=\box83
\@tempa=\box84
\@tempa=\box85
\@tempa=\box86
\@tempa=\box87
\@tempa=\box88
\@tempa=\box89
\@tempa=\box90
\@tempa=\box91
\@tempa=\box92
\c@minrows=\count182
\c@columnbadness=\count183
\c@finalcolumnbadness=\count184
\last@try=\dimen143
\multicolovershoot=\dimen144
\multicolundershoot=\dimen145
\mult@nat@firstbox=\box93
\colbreak@box=\box94
\mc@col@check@num=\count185
)
(/usr/share/texlive/texmf-dist/tex/latex/multirow/multirow.sty
Package: multirow 2019/05/31 v2.5 Span multiple rows of a table
\multirow@colwidth=\skip54
\multirow@cntb=\count186
\multirow@dima=\skip55
\bigstrutjot=\dimen146
)
(/usr/share/texlive/texmf-dist/tex/latex/tools/longtable.sty
Package: longtable 2020/01/07 v4.13 Multi-page Table package (DPC)
\LTleft=\skip56
\LTright=\skip57
\LTpre=\skip58
\LTpost=\skip59
\LTchunksize=\count187
\LTcapwidth=\dimen147
\LT@head=\box95
\LT@firsthead=\box96
\LT@foot=\box97
\LT@lastfoot=\box98
\LT@cols=\count188
\LT@rows=\count189
\c@LT@tables=\count190
\c@LT@chunks=\count191
\LT@p@ftn=\toks18
)
(/usr/share/texlive/texmf-dist/tex/latex/threeparttable/threeparttable.sty
Package: threeparttable 2003/06/13  v 3.0
\@tempboxb=\box99
)
(/usr/share/texlive/texmf-dist/tex/latex/booktabs/booktabs.sty
Package: booktabs 2020/01/12 v1.61803398 Publication quality tables
\heavyrulewidth=\dimen148
\lightrulewidth=\dimen149
\cmidrulewidth=\dimen150
\belowrulesep=\dimen151
\belowbottomsep=\dimen152
\aboverulesep=\dimen153
\abovetopsep=\dimen154
\cmidrulesep=\dimen155
\cmidrulekern=\dimen156
\defaultaddspace=\dimen157
\@cmidla=\count192
\@cmidlb=\count193
\@aboverulesep=\dimen158
\@belowrulesep=\dimen159
\@thisruleclass=\count194
\@lastruleclass=\count195
\@thisrulewidth=\dimen160
)
(/usr/share/texlive/texmf-dist/tex/latex/fancybox/fancybox.sty
Package: fancybox 2010/05/15 1.4

Style option: `fancybox' v1.4 <2010/05/15> (tvz)
\@fancybox=\box100
\shadowsize=\dimen161
\@Sbox=\box101
\do@VerbBox=\toks19
\the@fancyput=\toks20
\this@fancyput=\toks21
\EndVerbatimTokens=\toks22
\Verbatim@Outfile=\write3
\Verbatim@Infile=\read2
) (/usr/share/texlive/texmf-dist/tex/latex/shipunov/boldline.sty
Package: boldline 2008/02/04 v0.2 Adjust line width in tables
)
(/usr/share/texlive/texmf-dist/tex/latex/natbib/natbib.sty
Package: natbib 2010/09/13 8.31b (PWD, AO)
\bibhang=\skip60
\bibsep=\skip61
LaTeX Info: Redefining \cite on input line 694.
\c@NAT@ctr=\count196
)
(/usr/share/texlive/texmf-dist/tex/latex/tools/dcolumn.sty
Package: dcolumn 2014/10/28 v1.06 decimal alignment package (DPC)
)
(/usr/share/texlive/texmf-dist/tex/latex/amsmath/amsmath.sty
Package: amsmath 2020/01/20 v2.17e AMS math features
\@mathmargin=\skip62

For additional information on amsmath, use the `?' option.
(/usr/share/texlive/texmf-dist/tex/latex/amsmath/amstext.sty
Package: amstext 2000/06/29 v2.01 AMS text

(/usr/share/texlive/texmf-dist/tex/latex/amsmath/amsgen.sty
File: amsgen.sty 1999/11/30 v2.0 generic functions
\@emptytoks=\toks23
\ex@=\dimen162
))
(/usr/share/texlive/texmf-dist/tex/latex/amsmath/amsbsy.sty
Package: amsbsy 1999/11/29 v1.2d Bold Symbols
\pmbraise@=\dimen163
)
(/usr/share/texlive/texmf-dist/tex/latex/amsmath/amsopn.sty
Package: amsopn 2016/03/08 v2.02 operator names
)
\inf@bad=\count197
LaTeX Info: Redefining \frac on input line 227.
\uproot@=\count198
\leftroot@=\count199
LaTeX Info: Redefining \overline on input line 389.
\classnum@=\count266
\DOTSCASE@=\count267
LaTeX Info: Redefining \ldots on input line 486.
LaTeX Info: Redefining \dots on input line 489.
LaTeX Info: Redefining \cdots on input line 610.
\Mathstrutbox@=\box102
\strutbox@=\box103
\big@size=\dimen164
LaTeX Font Info:    Redeclaring font encoding OML on input line 733.
LaTeX Font Info:    Redeclaring font encoding OMS on input line 734.
\macc@depth=\count268
\c@MaxMatrixCols=\count269
\dotsspace@=\muskip16
\c@parentequation=\count270
\dspbrk@lvl=\count271
\tag@help=\toks24
\row@=\count272
\column@=\count273
\maxfields@=\count274
\andhelp@=\toks25
\eqnshift@=\dimen165
\alignsep@=\dimen166
\tagshift@=\dimen167
\tagwidth@=\dimen168
\totwidth@=\dimen169
\lineht@=\dimen170
\@envbody=\toks26
\multlinegap=\skip63
\multlinetaggap=\skip64
\mathdisplay@stack=\toks27
LaTeX Info: Redefining \[ on input line 2859.
LaTeX Info: Redefining \] on input line 2860.
)
(/usr/share/texlive/texmf-dist/tex/latex/graphics/epsfig.sty
Package: epsfig 2017/06/25 v1.7b (e)psfig emulation (SPQR)

(/usr/share/texlive/texmf-dist/tex/latex/graphics/graphicx.sty
Package: graphicx 2019/11/30 v1.2a Enhanced LaTeX Graphics (DPC,SPQR)

(/usr/share/texlive/texmf-dist/tex/latex/graphics/keyval.sty
Package: keyval 2014/10/28 v1.15 key=value parser (DPC)
\KV@toks@=\toks28
)
(/usr/share/texlive/texmf-dist/tex/latex/graphics/graphics.sty
Package: graphics 2019/11/30 v1.4a Standard LaTeX Graphics (DPC,SPQR)

(/usr/share/texlive/texmf-dist/tex/latex/graphics/trig.sty
Package: trig 2016/01/03 v1.10 sin cos tan (DPC)
)
(/usr/share/texlive/texmf-dist/tex/latex/graphics-cfg/graphics.cfg
File: graphics.cfg 2016/06/04 v1.11 sample graphics configuration
)
Package graphics Info: Driver file: dvips.def on input line 105.
)
\Gin@req@height=\dimen171
\Gin@req@width=\dimen172
)
\epsfxsize=\dimen173
\epsfysize=\dimen174
)
(/usr/share/texlive/texmf-dist/tex/latex/tools/hhline.sty
Package: hhline 2020/01/04 v2.04 Table rule package (DPC)
)
(/usr/share/texlive/texmf-dist/tex/latex/psnfss/pifont.sty
Package: pifont 2005/04/12 PSNFSS-v9.2a Pi font support (SPQR) 
LaTeX Font Info:    Trying to load font information for U+pzd on input line 63.


(/usr/share/texlive/texmf-dist/tex/latex/psnfss/upzd.fd
File: upzd.fd 2001/06/04 font definitions for U/pzd.
)
LaTeX Font Info:    Trying to load font information for U+psy on input line 64.


(/usr/share/texlive/texmf-dist/tex/latex/psnfss/upsy.fd
File: upsy.fd 2001/06/04 font definitions for U/psy.
))
(/usr/share/texlive/texmf-dist/tex/latex/quoting/quoting.sty
Package: quoting 2014/01/28 v0.1c Consolidated environment for displayed text

(/usr/share/texlive/texmf-dist/tex/latex/etoolbox/etoolbox.sty
Package: etoolbox 2019/09/21 v2.5h e-TeX tools for LaTeX (JAW)
\etb@tempcnta=\count275
)
(/usr/share/texlive/texmf-dist/tex/latex/kvoptions/kvoptions.sty
Package: kvoptions 2019/11/29 v3.13 Key value format for package options (HO)

(/usr/share/texlive/texmf-dist/tex/generic/ltxcmds/ltxcmds.sty
Package: ltxcmds 2019/12/15 v1.24 LaTeX kernel commands for general use (HO)
)
(/usr/share/texlive/texmf-dist/tex/generic/kvsetkeys/kvsetkeys.sty
Package: kvsetkeys 2019/12/15 v1.18 Key value parser (HO)
))
\quo@toppartop=\skip65
)
(/usr/share/texlive/texmf-dist/tex/latex/enumitem/enumitem.sty
Package: enumitem 2019/06/20 v3.9 Customized lists
\labelindent=\skip66
\enit@outerparindent=\dimen175
\enit@toks=\toks29
\enit@inbox=\box104
\enit@count@id=\count276
\enitdp@description=\count277
)
(/usr/share/texlive/texmf-dist/tex/latex/koma-script/scrextend.sty
Package: scrextend 2020/01/24 v3.29 KOMA-Script package (extend other classes w
ith features of KOMA-Script classes)

(/usr/share/texlive/texmf-dist/tex/latex/koma-script/scrkbase.sty
Package: scrkbase 2020/01/24 v3.29 KOMA-Script package (KOMA-Script-dependent b
asics and keyval usage)

(/usr/share/texlive/texmf-dist/tex/latex/koma-script/scrbase.sty
Package: scrbase 2020/01/24 v3.29 KOMA-Script package (KOMA-Script-independent 
basics and keyval usage)

(/usr/share/texlive/texmf-dist/tex/latex/koma-script/scrlfile.sty
Package: scrlfile 2020/01/24 v3.29 KOMA-Script package (loading files)
))))
(/usr/share/texlive/texmf-dist/tex/latex/txfonts/txfonts.sty
Package: txfonts 2008/01/22 v3.2.1
LaTeX Font Info:    Redeclaring symbol font `operators' on input line 21.
LaTeX Font Info:    Overwriting symbol font `operators' in version `normal'
(Font)                  OT1/cmr/m/n --> OT1/txr/m/n on input line 21.
LaTeX Font Info:    Overwriting symbol font `operators' in version `bold'
(Font)                  OT1/cmr/bx/n --> OT1/txr/m/n on input line 21.
LaTeX Font Info:    Overwriting symbol font `operators' in version `bold'
(Font)                  OT1/txr/m/n --> OT1/txr/bx/n on input line 22.
\symitalic=\mathgroup4
LaTeX Font Info:    Overwriting symbol font `italic' in version `bold'
(Font)                  OT1/txr/m/it --> OT1/txr/bx/it on input line 26.
LaTeX Font Info:    Redeclaring math alphabet \mathbf on input line 29.
LaTeX Font Info:    Overwriting math alphabet `\mathbf' in version `normal'
(Font)                  OT1/cmr/bx/n --> OT1/txr/bx/n on input line 29.
LaTeX Font Info:    Overwriting math alphabet `\mathbf' in version `bold'
(Font)                  OT1/cmr/bx/n --> OT1/txr/bx/n on input line 29.
LaTeX Font Info:    Redeclaring math alphabet \mathit on input line 30.
LaTeX Font Info:    Overwriting math alphabet `\mathit' in version `normal'
(Font)                  OT1/cmr/m/it --> OT1/txr/m/it on input line 30.
LaTeX Font Info:    Overwriting math alphabet `\mathit' in version `bold'
(Font)                  OT1/cmr/bx/it --> OT1/txr/m/it on input line 30.
LaTeX Font Info:    Overwriting math alphabet `\mathit' in version `bold'
(Font)                  OT1/txr/m/it --> OT1/txr/bx/it on input line 31.
LaTeX Font Info:    Redeclaring math alphabet \mathsf on input line 40.
LaTeX Font Info:    Overwriting math alphabet `\mathsf' in version `normal'
(Font)                  OT1/cmss/m/n --> OT1/txss/m/n on input line 40.
LaTeX Font Info:    Overwriting math alphabet `\mathsf' in version `bold'
(Font)                  OT1/cmss/bx/n --> OT1/txss/m/n on input line 40.
LaTeX Font Info:    Overwriting math alphabet `\mathsf' in version `bold'
(Font)                  OT1/txss/m/n --> OT1/txss/b/n on input line 41.
LaTeX Font Info:    Redeclaring math alphabet \mathtt on input line 50.
LaTeX Font Info:    Overwriting math alphabet `\mathtt' in version `normal'
(Font)                  OT1/cmtt/m/n --> OT1/txtt/m/n on input line 50.
LaTeX Font Info:    Overwriting math alphabet `\mathtt' in version `bold'
(Font)                  OT1/cmtt/m/n --> OT1/txtt/m/n on input line 50.
LaTeX Font Info:    Overwriting math alphabet `\mathtt' in version `bold'
(Font)                  OT1/txtt/m/n --> OT1/txtt/b/n on input line 51.
LaTeX Font Info:    Redeclaring symbol font `letters' on input line 58.
LaTeX Font Info:    Overwriting symbol font `letters' in version `normal'
(Font)                  OML/cmm/m/it --> OML/txmi/m/it on input line 58.
LaTeX Font Info:    Overwriting symbol font `letters' in version `bold'
(Font)                  OML/cmm/b/it --> OML/txmi/m/it on input line 58.
LaTeX Font Info:    Overwriting symbol font `letters' in version `bold'
(Font)                  OML/txmi/m/it --> OML/txmi/bx/it on input line 59.
\symlettersA=\mathgroup5
LaTeX Font Info:    Overwriting symbol font `lettersA' in version `bold'
(Font)                  U/txmia/m/it --> U/txmia/bx/it on input line 67.
LaTeX Font Info:    Redeclaring symbol font `symbols' on input line 77.
LaTeX Font Info:    Overwriting symbol font `symbols' in version `normal'
(Font)                  OMS/cmsy/m/n --> OMS/txsy/m/n on input line 77.
LaTeX Font Info:    Overwriting symbol font `symbols' in version `bold'
(Font)                  OMS/cmsy/b/n --> OMS/txsy/m/n on input line 77.
LaTeX Font Info:    Overwriting symbol font `symbols' in version `bold'
(Font)                  OMS/txsy/m/n --> OMS/txsy/bx/n on input line 78.
\symAMSa=\mathgroup6
LaTeX Font Info:    Overwriting symbol font `AMSa' in version `bold'
(Font)                  U/txsya/m/n --> U/txsya/bx/n on input line 94.
\symAMSb=\mathgroup7
LaTeX Font Info:    Overwriting symbol font `AMSb' in version `bold'
(Font)                  U/txsyb/m/n --> U/txsyb/bx/n on input line 103.
\symsymbolsC=\mathgroup8
LaTeX Font Info:    Overwriting symbol font `symbolsC' in version `bold'
(Font)                  U/txsyc/m/n --> U/txsyc/bx/n on input line 113.
LaTeX Font Info:    Redeclaring symbol font `largesymbols' on input line 120.
LaTeX Font Info:    Overwriting symbol font `largesymbols' in version `normal'
(Font)                  OMX/cmex/m/n --> OMX/txex/m/n on input line 120.
LaTeX Font Info:    Overwriting symbol font `largesymbols' in version `bold'
(Font)                  OMX/cmex/m/n --> OMX/txex/m/n on input line 120.
LaTeX Font Info:    Overwriting symbol font `largesymbols' in version `bold'
(Font)                  OMX/txex/m/n --> OMX/txex/bx/n on input line 121.
\symlargesymbolsA=\mathgroup9
LaTeX Font Info:    Overwriting symbol font `largesymbolsA' in version `bold'
(Font)                  U/txexa/m/n --> U/txexa/bx/n on input line 129.
LaTeX Font Info:    Redeclaring math symbol \mathsterling on input line 164.
LaTeX Font Info:    Redeclaring math symbol \hbar on input line 591.
LaTeX Info: Redefining \not on input line 1043.
)
(/usr/share/texlive/texmf-dist/tex/latex/url/url.sty
\Urlmuskip=\muskip17
Package: url 2013/09/16  ver 3.4  Verb mode for urls, etc.
)
(/usr/share/texlive/texmf-dist/tex/latex/graphics/lscape.sty
Package: lscape 2000/10/22 v3.01 Landscape Pages (DPC)
)
(/usr/share/texlive/texmf-dist/tex/latex/fancyhdr/fancyhdr.sty
Package: fancyhdr 2019/01/31 v3.10 Extensive control of page headers and footer
s
\f@nch@headwidth=\skip67
\f@nch@O@elh=\skip68
\f@nch@O@erh=\skip69
\f@nch@O@olh=\skip70
\f@nch@O@orh=\skip71
\f@nch@O@elf=\skip72
\f@nch@O@erf=\skip73
\f@nch@O@olf=\skip74
\f@nch@O@orf=\skip75
)
(/usr/share/texlive/texmf-dist/tex/latex/graphics/rotating.sty
Package: rotating 2016/08/11 v2.16d rotated objects in LaTeX

(/usr/share/texlive/texmf-dist/tex/latex/base/ifthen.sty
Package: ifthen 2014/09/29 v1.1c Standard LaTeX ifthen package (DPC)
)
\c@r@tfl@t=\count278
\rotFPtop=\skip76
\rotFPbot=\skip77
\rot@float@box=\box105
\rot@mess@toks=\toks30
)
(/usr/share/texlive/texmf-dist/tex/latex/caption/caption.sty
Package: caption 2020/01/03 v3.4h Customizing captions (AR)

(/usr/share/texlive/texmf-dist/tex/latex/caption/caption3.sty
Package: caption3 2020/01/03 v1.8h caption3 kernel (AR)
Package caption3 Info: TeX engine: e-TeX on input line 61.
\captionmargin=\dimen176
\captionmargin@=\dimen177
\captionwidth=\dimen178
\caption@tempdima=\dimen179
\caption@indent=\dimen180
\caption@parindent=\dimen181
\caption@hangindent=\dimen182
Package caption Info: Standard document class detected.
)
\c@caption@flags=\count279
\c@continuedfloat=\count280
Package caption Info: float package is loaded.
Package caption Info: longtable package is loaded.

(/usr/share/texlive/texmf-dist/tex/latex/caption/ltcaption.sty
Package: ltcaption 2018/08/26 v1.4a longtable captions (AR)
)
Package caption Info: rotating package is loaded.
Package caption Info: threeparttable package is loaded.
)
\calc=\dimen183
\partialpage=\box106
)
(/usr/share/texlive/texmf-dist/tex/latex/l3backend/l3backend-dvips.def
File: l3backend-dvips.def 2020-02-03 L3 backend support: dvips
\l__pdf_internal_box=\box107
\g__pdf_backend_object_int=\count281
\l__pdf_backend_content_box=\box108
\l__pdf_backend_model_box=\box109
\g__pdf_backend_annotation_int=\count282
\g__pdf_backend_link_int=\count283
\g__pdf_backend_link_sf_int=\count284
)
(./mainfile.aux)
\openout1 = `mainfile.aux'.

LaTeX Font Info:    Checking defaults for OML/txmi/m/it on input line 3.
LaTeX Font Info:    Trying to load font information for OML+txmi on input line 
3.
 (/usr/share/texlive/texmf-dist/tex/latex/txfonts/omltxmi.fd
File: omltxmi.fd 2000/12/15 v3.1
)
LaTeX Font Info:    ... okay on input line 3.
LaTeX Font Info:    Checking defaults for OMS/txsy/m/n on input line 3.
LaTeX Font Info:    Trying to load font information for OMS+txsy on input line 
3.

(/usr/share/texlive/texmf-dist/tex/latex/txfonts/omstxsy.fd
File: omstxsy.fd 2000/12/15 v3.1
)
LaTeX Font Info:    ... okay on input line 3.
LaTeX Font Info:    Checking defaults for OT1/cmr/m/n on input line 3.
LaTeX Font Info:    ... okay on input line 3.
LaTeX Font Info:    Checking defaults for T1/cmr/m/n on input line 3.
LaTeX Font Info:    ... okay on input line 3.
LaTeX Font Info:    Checking defaults for TS1/cmr/m/n on input line 3.
LaTeX Font Info:    ... okay on input line 3.
LaTeX Font Info:    Checking defaults for OMX/txex/m/n on input line 3.
LaTeX Font Info:    Trying to load font information for OMX+txex on input line 
3.

(/usr/share/texlive/texmf-dist/tex/latex/txfonts/omxtxex.fd
File: omxtxex.fd 2000/12/15 v3.1
)
LaTeX Font Info:    ... okay on input line 3.
LaTeX Font Info:    Checking defaults for U/txexa/m/n on input line 3.
LaTeX Font Info:    Trying to load font information for U+txexa on input line 3
.

(/usr/share/texlive/texmf-dist/tex/latex/txfonts/utxexa.fd
File: utxexa.fd 2000/12/15 v3.1
)
LaTeX Font Info:    ... okay on input line 3.
LaTeX Font Info:    Trying to load font information for OT1+txr on input line 3
.

(/usr/share/texlive/texmf-dist/tex/latex/txfonts/ot1txr.fd
File: ot1txr.fd 2000/12/15 v3.1
)
Package caption Info: Begin \AtBeginDocument code.
Package caption Info: End \AtBeginDocument code.
 (./src/contents.tex
LaTeX Font Info:    Font shape `OT1/txr/b/n' in size <17.28> not available
(Font)              Font shape `OT1/txr/bx/n' tried instead on input line 7.
LaTeX Font Info:    Font shape `OT1/txr/b/n' in size <9> not available
(Font)              Font shape `OT1/txr/bx/n' tried instead on input line 22.

Overfull \hbox (1.42264pt too wide) in alignment at lines 20--50
 [] [] [] 
 []


Underfull \vbox (badness 10000) detected at line 50
 []


Overfull \hbox (1.42264pt too wide) in alignment at lines 50--52
 [] [] [] 
 []

)
LaTeX Font Info:    Trying to load font information for OT1+txss on input line 
12.
 (/usr/share/texlive/texmf-dist/tex/latex/txfonts/ot1txss.fd
File: ot1txss.fd 2000/12/15 v3.1
)
LaTeX Font Info:    Font shape `OT1/txss/m/n' will be
(Font)              scaled to size 10.40245pt on input line 12.
File: one.5 Graphic file (type eps)
 <one.5>
File: one.5 Graphic file (type eps)
 <one.5>
Overfull \hbox (2.98157pt too wide) has occurred while \output is active
[][][][][]||  
 []

[6

] (./src/01-Impact_of_fake_News.tex
LaTeX Font Info:    Font shape `OT1/txss/m/n' will be
(Font)              scaled to size 11.39996pt on input line 4.
LaTeX Font Info:    Font shape `OT1/txss/b/n' will be
(Font)              scaled to size 11.39996pt on input line 4.
LaTeX Font Info:    Trying to load font information for U+txmia on input line 5
.

(/usr/share/texlive/texmf-dist/tex/latex/txfonts/utxmia.fd
File: utxmia.fd 2000/12/15 v3.1
)
LaTeX Font Info:    Trying to load font information for U+txsya on input line 5
.

(/usr/share/texlive/texmf-dist/tex/latex/txfonts/utxsya.fd
File: utxsya.fd 2000/12/15 v3.1
)
LaTeX Font Info:    Trying to load font information for U+txsyb on input line 5
.

(/usr/share/texlive/texmf-dist/tex/latex/txfonts/utxsyb.fd
File: utxsyb.fd 2000/12/15 v3.1
)
LaTeX Font Info:    Trying to load font information for U+txsyc on input line 5
.

(/usr/share/texlive/texmf-dist/tex/latex/txfonts/utxsyc.fd
File: utxsyc.fd 2000/12/15 v3.1
)
LaTeX Font Info:    Font shape `OT1/txr/b/n' in size <12> not available
(Font)              Font shape `OT1/txr/bx/n' tried instead on input line 11.
LaTeX Font Info:    Trying to load font information for OT1+txtt on input line 
38.

(/usr/share/texlive/texmf-dist/tex/latex/txfonts/ot1txtt.fd
File: ot1txtt.fd 2000/12/15 v3.1
)

Package multicol Warning: I moved some lines to the next page.
(multicol)                Footnotes on page 1 might be wrong on input line 65.

File: one.5 Graphic file (type eps)
<one.5>
File: one.5 Graphic file (type eps)
 <one.5> [1]

Package multicol Warning: I moved some lines to the next page.
(multicol)                Footnotes on page 2 might be wrong on input line 125.


LaTeX Font Info:    Font shape `OT1/txss/m/it' in size <10.95> not available
(Font)              Font shape `OT1/txss/m/sl' tried instead on input line 125.

LaTeX Font Info:    Font shape `OT1/txss/m/sl' will be
(Font)              scaled to size 10.40245pt on input line 125.
File: one.5 Graphic file (type eps)
<one.5>
File: one.5 Graphic file (type eps)
 <one.5> [2]
LaTeX Font Info:    Trying to load font information for TS1+txr on input line 2
07.
 (/usr/share/texlive/texmf-dist/tex/latex/txfonts/ts1txr.fd
File: ts1txr.fd 2000/12/15 v3.1
)

Package multicol Warning: I moved some lines to the next page.
(multicol)                Footnotes on page 3 might be wrong on input line 218.


File: one.5 Graphic file (type eps)
<one.5>
File: one.5 Graphic file (type eps)
 <one.5> [3]

Package multicol Warning: I moved some lines to the next page.
(multicol)                Footnotes on page 4 might be wrong on input line 267.


File: one.5 Graphic file (type eps)
<one.5>
File: one.5 Graphic file (type eps)
 <one.5> [4]
File: one.5 Graphic file (type eps)
 <one.5>
File: one.5 Graphic file (type eps)
 <one.5> [5])
File: one.5 Graphic file (type eps)
 <one.5>
File: one.5 Graphic file (type eps)
 <one.5> [6]
(./src/02-Right_to_Information_Amendment_Act.tex

Package multicol Warning: I moved some lines to the next page.
(multicol)                Footnotes on page 7 might be wrong on input line 86.

File: one.5 Graphic file (type eps)
<one.5>
File: one.5 Graphic file (type eps)
 <one.5> [7]
LaTeX Font Info:    Font shape `OT1/txr/b/n' in size <8> not available
(Font)              Font shape `OT1/txr/bx/n' tried instead on input line 123.
LaTeX Font Info:    Font shape `OT1/txr/b/n' in size <10> not available
(Font)              Font shape `OT1/txr/bx/n' tried instead on input line 123.

Underfull \hbox (badness 1742) in paragraph at lines 154--160
\OT1/txr/m/n/11 pro-vi-sion and con-fers the ab-so-lute
 []


Underfull \hbox (badness 1048) in paragraph at lines 161--161
[]|\OT1/txr/m/n/11 Salary (Sec-tion
 []


Underfull \hbox (badness 1048) in paragraph at lines 190--190
[]|\OT1/txr/m/n/11 Salary (Sec-tion
 []


Underfull \hbox (badness 1365) in paragraph at lines 208--218
\OT1/txr/m/n/11 ICs will be sim-i-lar to that of the
 []


Underfull \hbox (badness 10000) in paragraph at lines 219--230
[]|\OT1/txr/m/n/11 Section 27 specif-i-cally stip-u-lates
 []


Underfull \vbox (badness 10000) detected at line 233
 []

File: one.5 Graphic file (type eps)
<one.5>
File: one.5 Graphic file (type eps)
 <one.5> [8]
File: one.5 Graphic file (type eps)
 <one.5>
File: one.5 Graphic file (type eps)
 <one.5> [9]
File: one.5 Graphic file (type eps)
 <one.5>
File: one.5 Graphic file (type eps)
 <one.5> [10]
File: one.5 Graphic file (type eps)
 <one.5>
File: one.5 Graphic file (type eps)
 <one.5>
[11]
File: one.5 Graphic file (type eps)
 <one.5>
File: one.5 Graphic file (type eps)
 <one.5> [12])
File: one.5 Graphic file (type eps)
 <one.5>
File: one.5 Graphic file (type eps)
 <one.5> [13]
(./src/03-Repressed_Coastal_Population.tex
File: one.5 Graphic file (type eps)
 <one.5>
File: one.5 Graphic file (type eps)
 <one.5> [14]
LaTeX Font Info:    Font shape `OT1/txr/b/n' in size <10.95> not available
(Font)              Font shape `OT1/txr/bx/n' tried instead on input line 99.


Package multicol Warning: I moved some lines to the next page.
(multicol)                Footnotes on page 15 might be wrong on input line 154
.

File: one.5 Graphic file (type eps)
<one.5>
File: one.5 Graphic file (type eps)
 <one.5> [15]

Package multicol Warning: I moved some lines to the next page.
(multicol)                Footnotes on page 16 might be wrong on input line 231
.

File: one.5 Graphic file (type eps)
<one.5>
File: one.5 Graphic file (type eps)
 <one.5> [16]

Package multicol Warning: I moved some lines to the next page.
(multicol)                Footnotes on page 17 might be wrong on input line 247
.

File: one.5 Graphic file (type eps)
<one.5>
File: one.5 Graphic file (type eps)
 <one.5> [17]

Package multicol Warning: I moved some lines to the next page.
(multicol)                Footnotes on page 18 might be wrong on input line 332
.

File: one.5 Graphic file (type eps)
<one.5>
File: one.5 Graphic file (type eps)
 <one.5> [18]
Underfull \hbox (badness 10000) in paragraph at lines 371--371
 \OT1/txtt/m/n/10 www . indiaspend . org ,[]  art . 14 . com / post / ignoring 
-[] own -[] experts -[] fisherfolks -[] experts -[] india -[]
 []


Package multicol Warning: I moved some lines to the next page.
(multicol)                Footnotes on page 19 might be wrong on input line 373
.

File: one.5 Graphic file (type eps)
<one.5>
File: one.5 Graphic file (type eps)
 <one.5> [19]

Package multicol Warning: I moved some lines to the next page.
(multicol)                Footnotes on page 20 might be wrong on input line 440
.

File: one.5 Graphic file (type eps)
<one.5>
File: one.5 Graphic file (type eps)
 <one.5> [20]

Package multicol Warning: I moved some lines to the next page.
(multicol)                Footnotes on page 21 might be wrong on input line 499
.

File: one.5 Graphic file (type eps)
<one.5>
File: one.5 Graphic file (type eps)
 <one.5> [21]

Package multicol Warning: I moved some lines to the next page.
(multicol)                Footnotes on page 22 might be wrong on input line 549
.

File: one.5 Graphic file (type eps)
<one.5>
File: one.5 Graphic file (type eps)
 <one.5> [22]

Package multicol Warning: I moved some lines to the next page.
(multicol)                Footnotes on page 23 might be wrong on input line 588
.

File: one.5 Graphic file (type eps)
<one.5>
File: one.5 Graphic file (type eps)
 <one.5> [23]
File: one.5 Graphic file (type eps)
 <one.5>
File: one.5 Graphic file (type eps)
 <one.5> [24]
File: one.5 Graphic file (type eps)
 <one.5>
File: one.5 Graphic file (type eps)
 <one.5> [25])
File: one.5 Graphic file (type eps)
 <one.5>
File: one.5 Graphic file (type eps)

<one.5> [26] (./src/04-Domain_Name_Disputes_and_the_Rising.tex
File: one.5 Graphic file (type eps)
 <one.5>
File: one.5 Graphic file (type eps)
 <one.5>
[27]

Package multicol Warning: I moved some lines to the next page.
(multicol)                Footnotes on page 28 might be wrong on input line 153
.

File: one.5 Graphic file (type eps)
<one.5>
File: one.5 Graphic file (type eps)
 <one.5> [28]

Package multicol Warning: I moved some lines to the next page.
(multicol)                Footnotes on page 29 might be wrong on input line 214
.

File: one.5 Graphic file (type eps)
<one.5>
File: one.5 Graphic file (type eps)
 <one.5> [29]

Package multicol Warning: I moved some lines to the next page.
(multicol)                Footnotes on page 30 might be wrong on input line 280
.

File: one.5 Graphic file (type eps)
<one.5>
File: one.5 Graphic file (type eps)
 <one.5> [30]

Package multicol Warning: I moved some lines to the next page.
(multicol)                Footnotes on page 31 might be wrong on input line 334
.

File: one.5 Graphic file (type eps)
<one.5>
File: one.5 Graphic file (type eps)
 <one.5> [31]

Package multicol Warning: I moved some lines to the next page.
(multicol)                Footnotes on page 32 might be wrong on input line 397
.

File: one.5 Graphic file (type eps)
<one.5>
File: one.5 Graphic file (type eps)
 <one.5> [32]

Package multicol Warning: I moved some lines to the next page.
(multicol)                Footnotes on page 33 might be wrong on input line 441
.

File: one.5 Graphic file (type eps)
<one.5>
File: one.5 Graphic file (type eps)
 <one.5> [33]
File: one.5 Graphic file (type eps)
 <one.5>
File: one.5 Graphic file (type eps)
 <one.5> [34])
File: one.5 Graphic file (type eps)
 <one.5>
File: one.5 Graphic file (type eps)
 <one.5> [35]
(./src/05-An_Analysis_of_the_Essentiality_of_Constitutional.tex
LaTeX Font Info:    Font shape `OT1/txr/b/it' in size <10.95> not available
(Font)              Font shape `OT1/txr/bx/it' tried instead on input line 27.
File: one.5 Graphic file (type eps)
 <one.5>
File: one.5 Graphic file (type eps)

<one.5> [36]
File: one.5 Graphic file (type eps)
 <one.5>
File: one.5 Graphic file (type eps)
 <one.5> [37]

Package multicol Warning: I moved some lines to the next page.
(multicol)                Footnotes on page 38 might be wrong on input line 184
.

File: one.5 Graphic file (type eps)
<one.5>
File: one.5 Graphic file (type eps)
 <one.5> [38]

Package multicol Warning: I moved some lines to the next page.
(multicol)                Footnotes on page 39 might be wrong on input line 247
.

File: one.5 Graphic file (type eps)
<one.5>
File: one.5 Graphic file (type eps)
 <one.5> [39]

Package multicol Warning: I moved some lines to the next page.
(multicol)                Footnotes on page 40 might be wrong on input line 336
.

File: one.5 Graphic file (type eps)
<one.5>
File: one.5 Graphic file (type eps)
 <one.5> [40])
File: one.5 Graphic file (type eps)
 <one.5>
File: one.5 Graphic file (type eps)
 <one.5> [41] (./src/06-Bio_Terrorism_A_Brief.tex
Underfull \hbox (badness 10000) in paragraph at lines 67--67
  [][]$\OT1/txtt/m/n/10 https : / / www . unog . ch / 80256EE600585943 / (httpP
ages ) /29B727532FECBE96C12571860035A6DB ?
 []


Package multicol Warning: I moved some lines to the next page.
(multicol)                Footnotes on page 42 might be wrong on input line 72.


File: one.5 Graphic file (type eps)
<one.5>
File: one.5 Graphic file (type eps)
 <one.5> [42]
Underfull \hbox (badness 10000) in paragraph at lines 77--77
  [][]$\OT1/txtt/m/n/10 https : / / www . unog . ch / 80256EE600585943 / (httpP
ages ) /29B727532FECBE96C12571860035A6DB?$
 []


Underfull \hbox (badness 6078) in paragraph at lines 73--91
\OT1/txr/m/n/10.95 Bioterrorism is the dis-sem-i-na-tion of bi-o-log-i-cal
 []


Package multicol Warning: I moved some lines to the next page.
(multicol)                Footnotes on page 43 might be wrong on input line 112
.

File: one.5 Graphic file (type eps)
<one.5>
File: one.5 Graphic file (type eps)
 <one.5> [43]
Underfull \hbox (badness 10000) in paragraph at lines 173--173
  [][]$\OT1/txtt/m/n/10 https : / / www . unog . ch / 80256EE600585943 / (httpP
ages ) /29B727532FECBE96C12571860035A6DB ?
 []


Package multicol Warning: I moved some lines to the next page.
(multicol)                Footnotes on page 44 might be wrong on input line 178
.

File: one.5 Graphic file (type eps)
<one.5>
File: one.5 Graphic file (type eps)
 <one.5> [44]

Package multicol Warning: I moved some lines to the next page.
(multicol)                Footnotes on page 45 might be wrong on input line 232
.

File: one.5 Graphic file (type eps)
<one.5>
File: one.5 Graphic file (type eps)
 <one.5> [45]

Package multicol Warning: I moved some lines to the next page.
(multicol)                Footnotes on page 46 might be wrong on input line 287
.

File: one.5 Graphic file (type eps)
<one.5>
File: one.5 Graphic file (type eps)
 <one.5> [46]

Package multicol Warning: I moved some lines to the next page.
(multicol)                Footnotes on page 47 might be wrong on input line 343
.

File: one.5 Graphic file (type eps)
<one.5>
File: one.5 Graphic file (type eps)
 <one.5> [47])
File: one.5 Graphic file (type eps)
 <one.5>
File: one.5 Graphic file (type eps)
 <one.5> [48]
(./src/07-Tussle_Between_the_us_and_Iran.tex

Package multicol Warning: I moved some lines to the next page.
(multicol)                Footnotes on page 49 might be wrong on input line 81.


File: one.5 Graphic file (type eps)
<one.5>
File: one.5 Graphic file (type eps)
 <one.5> [49]

Package multicol Warning: I moved some lines to the next page.
(multicol)                Footnotes on page 50 might be wrong on input line 156
.

File: one.5 Graphic file (type eps)
<one.5>
File: one.5 Graphic file (type eps)
 <one.5> [50]
LaTeX Font Info:    Font shape `OT1/txr/b/it' in size <12> not available
(Font)              Font shape `OT1/txr/bx/it' tried instead on input line 168.



Package multicol Warning: I moved some lines to the next page.
(multicol)                Footnotes on page 51 might be wrong on input line 193
.

File: one.5 Graphic file (type eps)
<one.5>
File: one.5 Graphic file (type eps)
 <one.5> [51]

Package multicol Warning: I moved some lines to the next page.
(multicol)                Footnotes on page 52 might be wrong on input line 251
.

File: one.5 Graphic file (type eps)
<one.5>
File: one.5 Graphic file (type eps)
 <one.5> [52]

Package multicol Warning: I moved some lines to the next page.
(multicol)                Footnotes on page 53 might be wrong on input line 306
.

File: one.5 Graphic file (type eps)
<one.5>
File: one.5 Graphic file (type eps)
 <one.5> [53]
Underfull \hbox (badness 10000) in paragraph at lines 326--326
 \OT1/txr/m/n/10 `$\OT1/txtt/m/n/10 https : / / www . aljazeera . com / news / 
2020 / 4 / 22 / trump -[] says -[] us -[] will -[] destroy -[] iranian -[] gunb
oats -[]
 []


Package multicol Warning: I moved some lines to the next page.
(multicol)                Footnotes on page 54 might be wrong on input line 384
.

File: one.5 Graphic file (type eps)
<one.5>
File: one.5 Graphic file (type eps)
 <one.5> [54])
File: one.5 Graphic file (type eps)
 <one.5>
File: one.5 Graphic file (type eps)
 <one.5> [55]
(./src/08-Judicial_Review_and_Fundamental_Rights.tex

Package multicol Warning: I moved some lines to the next page.
(multicol)                Footnotes on page 56 might be wrong on input line 65.


File: one.5 Graphic file (type eps)
<one.5>
File: one.5 Graphic file (type eps)
 <one.5> [56]
File: one.5 Graphic file (type eps)
 <one.5>
File: one.5 Graphic file (type eps)
 <one.5> [57]

Package multicol Warning: I moved some lines to the next page.
(multicol)                Footnotes on page 58 might be wrong on input line 207
.

File: one.5 Graphic file (type eps)
<one.5>
File: one.5 Graphic file (type eps)
 <one.5> [58]

Package multicol Warning: I moved some lines to the next page.
(multicol)                Footnotes on page 59 might be wrong on input line 278
.

File: one.5 Graphic file (type eps)
<one.5>
File: one.5 Graphic file (type eps)
 <one.5> [59]

Package multicol Warning: I moved some lines to the next page.
(multicol)                Footnotes on page 60 might be wrong on input line 338
.

File: one.5 Graphic file (type eps)
<one.5>
File: one.5 Graphic file (type eps)
 <one.5> [60]

Package multicol Warning: I moved some lines to the next page.
(multicol)                Footnotes on page 61 might be wrong on input line 425
.

File: one.5 Graphic file (type eps)
<one.5>
File: one.5 Graphic file (type eps)
 <one.5> [61]
Overfull \hbox (3.43245pt too wide) in paragraph at lines 451--455
[]\OT1/txr/m/n/10.95 \Judicial re-view of Con-sti-tu-tional Amendments.-
 []


Package multicol Warning: I moved some lines to the next page.
(multicol)                Footnotes on page 62 might be wrong on input line 484
.

File: one.5 Graphic file (type eps)
<one.5>
File: one.5 Graphic file (type eps)
 <one.5> [62]

Package multicol Warning: I moved some lines to the next page.
(multicol)                Footnotes on page 63 might be wrong on input line 551
.

File: one.5 Graphic file (type eps)
<one.5>
File: one.5 Graphic file (type eps)
 <one.5> [63])
File: one.5 Graphic file (type eps)
 <one.5>
File: one.5 Graphic file (type eps)
 <one.5> [64]
(./src/09-Indias_Dire_Need_For_a_New.tex
Underfull \hbox (badness 10000) in paragraph at lines 34--34
 \OT1/txtt/m/n/10 https : / / pubmed . ncbi . nlm . nih . gov / 30212163/$\OT1/
txr/m/n/10 #::text=Evidence%20suggests%20that%20the%20likelihood,
 []


Underfull \hbox (badness 10000) in paragraph at lines 38--38
 \OT1/txtt/m/n/10 https : / / www . who . int / emergencies / diseases / novel 
-[] coronavirus -[] 2019 / events -[] as -[] they -[]
 []


Package multicol Warning: I moved some lines to the next page.
(multicol)                Footnotes on page 65 might be wrong on input line 67.


File: one.5 Graphic file (type eps)
<one.5>
File: one.5 Graphic file (type eps)
 <one.5> [65]

Package multicol Warning: I moved some lines to the next page.
(multicol)                Footnotes on page 66 might be wrong on input line 116
.

File: one.5 Graphic file (type eps)
<one.5>
File: one.5 Graphic file (type eps)
 <one.5> [66]

Package multicol Warning: I moved some lines to the next page.
(multicol)                Footnotes on page 67 might be wrong on input line 169
.

File: one.5 Graphic file (type eps)
<one.5>
File: one.5 Graphic file (type eps)
 <one.5> [67]
Underfull \hbox (badness 10000) in paragraph at lines 189--189
 \OT1/txr/m/n/10 #::text=COVID%2D19%20impact%20on%20unemployment%20rate%20in%20
India%202020%2D2021
 []


Package multicol Warning: I moved some lines to the next page.
(multicol)                Footnotes on page 68 might be wrong on input line 238
.

File: one.5 Graphic file (type eps)
<one.5>
File: one.5 Graphic file (type eps)
 <one.5> [68]
Underfull \hbox (badness 10000) in paragraph at lines 258--258
 \OT1/txtt/m/n/10 https : / / www . barandbench . com / columns / can -[] the -
[] indian -[] legal -[] framework -[] deal -[] with -[] the -[] covid -[] 19 -[
]
 []


Package multicol Warning: I moved some lines to the next page.
(multicol)                Footnotes on page 69 might be wrong on input line 283
.

File: one.5 Graphic file (type eps)
<one.5>
File: one.5 Graphic file (type eps)
 <one.5> [69]
Underfull \hbox (badness 10000) in paragraph at lines 299--299
 \OT1/txtt/m/n/10 https : / / criminallawstudiesnluj . wordpress . com / 2020 /
 04 / 19 / covid -[] 19 -[] vii -[] is -[] the -[] indian -[] legal -[]
 []


Underfull \hbox (badness 10000) in paragraph at lines 338--338
 \OT1/txtt/m/n/10 https : / / criminallawstudiesnluj . wordpress . com / 2020 /
 04 / 19 / covid -[] 19 -[] vii -[] is -[] the -[] indian -[] legal -[]
 []


Package multicol Warning: I moved some lines to the next page.
(multicol)                Footnotes on page 70 might be wrong on input line 350
.

File: one.5 Graphic file (type eps)
<one.5>
File: one.5 Graphic file (type eps)
 <one.5> [70]
File: one.5 Graphic file (type eps)
 <one.5>
File: one.5 Graphic file (type eps)
 <one.5> [71]
File: one.5 Graphic file (type eps)
 <one.5>
File: one.5 Graphic file (type eps)
 <one.5> [72])
File: one.5 Graphic file (type eps)
 <one.5>
File: one.5 Graphic file (type eps)

<one.5> [73] (./src/10-Globalisation_and_its_Implication_on_Law.tex

Package multicol Warning: I moved some lines to the next page.
(multicol)                Footnotes on page 74 might be wrong on input line 75.


File: one.5 Graphic file (type eps)
<one.5>
File: one.5 Graphic file (type eps)
 <one.5> [74]
Underfull \hbox (badness 10000) in paragraph at lines 120--120
  [][]\OT1/txr/m/n/10 ILO,NORMLEX,$\OT1/txtt/m/n/10 https : / / www . ilo . org
 / dyn / normlex / en / f \ &p = NORMLEX / PUB : 12100 : 0 :: NO :: P12100 _
 []


Package multicol Warning: I moved some lines to the next page.
(multicol)                Footnotes on page 75 might be wrong on input line 132
.

File: one.5 Graphic file (type eps)
<one.5>
File: one.5 Graphic file (type eps)
 <one.5> [75]

Package multicol Warning: I moved some lines to the next page.
(multicol)                Footnotes on page 76 might be wrong on input line 190
.

File: one.5 Graphic file (type eps)
<one.5>
File: one.5 Graphic file (type eps)
 <one.5> [76]
Underfull \hbox (badness 10000) in paragraph at lines 216--216
 \OT1/txtt/m/n/10 news / economy / indicators / india _ ranks _ 108th -[] in -[
] wef -[] gendergap -[] index2018 / articleshow / 67145220 .
 []


Package multicol Warning: I moved some lines to the next page.
(multicol)                Footnotes on page 77 might be wrong on input line 255
.

File: one.5 Graphic file (type eps)
<one.5>
File: one.5 Graphic file (type eps)
 <one.5> [77]

Package multicol Warning: I moved some lines to the next page.
(multicol)                Footnotes on page 78 might be wrong on input line 320
.

File: one.5 Graphic file (type eps)
<one.5>
File: one.5 Graphic file (type eps)
 <one.5> [78]
File: one.5 Graphic file (type eps)
 <one.5>
File: one.5 Graphic file (type eps)
 <one.5> [79]

Package multicol Warning: I moved some lines to the next page.
(multicol)                Footnotes on page 80 might be wrong on input line 468
.

File: one.5 Graphic file (type eps)
<one.5>
File: one.5 Graphic file (type eps)
 <one.5> [80]
File: one.5 Graphic file (type eps)
 <one.5>
File: one.5 Graphic file (type eps)
 <one.5> [81]) (./src/copyrightpage.tex
LaTeX Font Info:    Font shape `TS1/txr/b/n' in size <10.95> not available
(Font)              Font shape `TS1/txr/bx/n' tried instead on input line 33.
)
File: one.5 Graphic file (type eps)
 <one.5>
File: one.5 Graphic file (type eps)

<one.5> [82] (./mainfile.aux) ) 
Here is how much of TeX's memory you used:
 7261 strings out of 481240
 104837 string characters out of 5920404
 387710 words of memory out of 5000000
 22344 multiletter control sequences out of 15000+600000
 567287 words of font info for 116 fonts, out of 8000000 for 9000
 1141 hyphenation exceptions out of 50000
 44i,18n,52p,856b,540s stack positions out of 5000i,500n,10000p,200000b,80000s

Output written on mainfile.dvi (83 pages, 490240 bytes).
